<?xml version="1.0" encoding="UTF-8"?>
<!-- Generated by org.testng.reporters.JUnitXMLReporter -->
<testsuite ignored="0" hostname="LMIPL-164" failures="0" tests="3" name="Default test" time="70.983" errors="0" timestamp="03 Dec 2019 19:25:06 GMT">
  <testcase classname="test.qa.pages.Homepagetest" name="verifyhomepagetitle" time="0.107"/>
  <testcase classname="test.qa.pages.Homepagetest" name="erwinlogo" time="0.434"/>
  <testcase classname="test.qa.pages.Homepagetest" name="about" time="11.844"/>
</testsuite> <!-- Default test -->
