<?xml version="1.0" encoding="UTF-8"?>
<testng-results ignored="0" total="3" passed="3" failed="0" skipped="0">
  <reporter-output>
  </reporter-output>
  <suite started-at="2019-12-03T19:23:55Z" name="Default suite" finished-at="2019-12-03T19:25:06Z" duration-ms="70983">
    <groups>
    </groups>
    <test started-at="2019-12-03T19:23:55Z" name="Default test" finished-at="2019-12-03T19:25:06Z" duration-ms="70983">
      <class name="test.qa.pages.Homepagetest">
        <test-method is-config="true" signature="setup()[pri:0, instance:test.qa.pages.Homepagetest@27ae2fd0]" started-at="2019-12-03T19:23:55Z" name="setup" finished-at="2019-12-03T19:24:15Z" duration-ms="20135" status="PASS">
          <reporter-output>
          </reporter-output>
        </test-method> <!-- setup -->
        <test-method signature="verifyhomepagetitle()[pri:1, instance:test.qa.pages.Homepagetest@27ae2fd0]" started-at="2019-12-03T19:24:15Z" name="verifyhomepagetitle" finished-at="2019-12-03T19:24:15Z" duration-ms="107" status="PASS">
          <reporter-output>
          </reporter-output>
        </test-method> <!-- verifyhomepagetitle -->
        <test-method is-config="true" signature="teardown()[pri:0, instance:test.qa.pages.Homepagetest@27ae2fd0]" started-at="2019-12-03T19:24:15Z" name="teardown" finished-at="2019-12-03T19:24:16Z" duration-ms="885" status="PASS">
          <reporter-output>
          </reporter-output>
        </test-method> <!-- teardown -->
        <test-method is-config="true" signature="setup()[pri:0, instance:test.qa.pages.Homepagetest@27ae2fd0]" started-at="2019-12-03T19:24:16Z" name="setup" finished-at="2019-12-03T19:24:35Z" duration-ms="18635" status="PASS">
          <reporter-output>
          </reporter-output>
        </test-method> <!-- setup -->
        <test-method signature="erwinlogo()[pri:2, instance:test.qa.pages.Homepagetest@27ae2fd0]" started-at="2019-12-03T19:24:35Z" name="erwinlogo" finished-at="2019-12-03T19:24:35Z" duration-ms="434" status="PASS">
          <reporter-output>
          </reporter-output>
        </test-method> <!-- erwinlogo -->
        <test-method is-config="true" signature="teardown()[pri:0, instance:test.qa.pages.Homepagetest@27ae2fd0]" started-at="2019-12-03T19:24:35Z" name="teardown" finished-at="2019-12-03T19:24:36Z" duration-ms="948" status="PASS">
          <reporter-output>
          </reporter-output>
        </test-method> <!-- teardown -->
        <test-method is-config="true" signature="setup()[pri:0, instance:test.qa.pages.Homepagetest@27ae2fd0]" started-at="2019-12-03T19:24:36Z" name="setup" finished-at="2019-12-03T19:24:53Z" duration-ms="17033" status="PASS">
          <reporter-output>
          </reporter-output>
        </test-method> <!-- setup -->
        <test-method signature="about()[pri:3, instance:test.qa.pages.Homepagetest@27ae2fd0]" started-at="2019-12-03T19:24:53Z" name="about" finished-at="2019-12-03T19:25:05Z" duration-ms="11844" status="PASS">
          <reporter-output>
          </reporter-output>
        </test-method> <!-- about -->
        <test-method is-config="true" signature="teardown()[pri:0, instance:test.qa.pages.Homepagetest@27ae2fd0]" started-at="2019-12-03T19:25:05Z" name="teardown" finished-at="2019-12-03T19:25:06Z" duration-ms="840" status="PASS">
          <reporter-output>
          </reporter-output>
        </test-method> <!-- teardown -->
      </class> <!-- test.qa.pages.Homepagetest -->
    </test> <!-- Default test -->
  </suite> <!-- Default suite -->
</testng-results>
